07:42:20 **** Incremental Build of configuration Debug for project Polytech-IESE-E2i-SPI ****
make all 
arm-atollic-eabi-g++ -o "Polytech-IESE-E2i-SPI.elf"  ./src/main.o ./src/startup_stm32f446xx.o ./src/stm32f4xx_it.o ./src/system_stm32f4xx.o ./src/tiny_printf.o  ./cmsis_lib/source/misc.o ./cmsis_lib/source/stm32f4xx_adc.o ./cmsis_lib/source/stm32f4xx_crc.o ./cmsis_lib/source/stm32f4xx_dma.o ./cmsis_lib/source/stm32f4xx_exti.o ./cmsis_lib/source/stm32f4xx_gpio.o ./cmsis_lib/source/stm32f4xx_i2c.o ./cmsis_lib/source/stm32f4xx_pwr.o ./cmsis_lib/source/stm32f4xx_rcc.o ./cmsis_lib/source/stm32f4xx_spi.o ./cmsis_lib/source/stm32f4xx_syscfg.o ./cmsis_lib/source/stm32f4xx_tim.o  ./Polytech-library/src/Adc.o ./Polytech-library/src/Clocks.o ./Polytech-library/src/Port_conf.o ./Polytech-library/src/Spi.o ./Polytech-library/src/Timer.o ./Polytech-library/src/Uart.o ./Polytech-library/src/code_eleve.o    -mthumb -mcpu=cortex-m4 -mfloat-abi=softfp -mfpu=fpv4-sp-d16 -T"..\stm32_flash.ld" -specs=nosys.specs -static -Wl,-cref,-u,Reset_Handler "-Wl,-Map=Polytech-IESE-E2i-SPI.map" -Wl,--gc-sections -Wl,--defsym=malloc_getpagesize_P=0x1000 -Wl,--start-group -lc -lm -lstdc++ -lsupc++ -Wl,--end-group -specs=nano.specs
c:/program files (x86)/atollic/truestudio for stm32 9.2.0/armtools/bin/../lib/gcc/arm-atollic-eabi/6.3.1/../../../../arm-atollic-eabi/bin/ld.exe: error: ./src/main.o uses VFP register arguments, Polytech-IESE-E2i-SPI.elf does not
c:/program files (x86)/atollic/truestudio for stm32 9.2.0/armtools/bin/../lib/gcc/arm-atollic-eabi/6.3.1/../../../../arm-atollic-eabi/bin/ld.exe: failed to merge target specific data of file ./src/main.o
c:/program files (x86)/atollic/truestudio for stm32 9.2.0/armtools/bin/../lib/gcc/arm-atollic-eabi/6.3.1/../../../../arm-atollic-eabi/bin/ld.exe: error: ./src/stm32f4xx_it.o uses VFP register arguments, Polytech-IESE-E2i-SPI.elf does not
c:/program files (x86)/atollic/truestudio for stm32 9.2.0/armtools/bin/../lib/gcc/arm-atollic-eabi/6.3.1/../../../../arm-atollic-eabi/bin/ld.exe: failed to merge target specific data of file ./src/stm32f4xx_it.o
c:/program files (x86)/atollic/truestudio for stm32 9.2.0/armtools/bin/../lib/gcc/arm-atollic-eabi/6.3.1/../../../../arm-atollic-eabi/bin/ld.exe: error: ./src/system_stm32f4xx.o uses VFP register arguments, Polytech-IESE-E2i-SPI.elf does not
c:/program files (x86)/atollic/truestudio for stm32 9.2.0/armtools/bin/../lib/gcc/arm-atollic-eabi/6.3.1/../../../../arm-atollic-eabi/bin/ld.exe: failed to merge target specific data of file ./src/system_stm32f4xx.o
c:/program files (x86)/atollic/truestudio for stm32 9.2.0/armtools/bin/../lib/gcc/arm-atollic-eabi/6.3.1/../../../../arm-atollic-eabi/bin/ld.exe: error: ./src/tiny_printf.o uses VFP register arguments, Polytech-IESE-E2i-SPI.elf does not
c:/program files (x86)/atollic/truestudio for stm32 9.2.0/armtools/bin/../lib/gcc/arm-atollic-eabi/6.3.1/../../../../arm-atollic-eabi/bin/ld.exe: failed to merge target specific data of file ./src/tiny_printf.o
c:/program files (x86)/atollic/truestudio for stm32 9.2.0/armtools/bin/../lib/gcc/arm-atollic-eabi/6.3.1/../../../../arm-atollic-eabi/bin/ld.exe: error: ./cmsis_lib/source/misc.o uses VFP register arguments, Polytech-IESE-E2i-SPI.elf does not
c:/program files (x86)/atollic/truestudio for stm32 9.2.0/armtools/bin/../lib/gcc/arm-atollic-eabi/6.3.1/../../../../arm-atollic-eabi/bin/ld.exe: failed to merge target specific data of file ./cmsis_lib/source/misc.o
c:/program files (x86)/atollic/truestudio for stm32 9.2.0/armtools/bin/../lib/gcc/arm-atollic-eabi/6.3.1/../../../../arm-atollic-eabi/bin/ld.exe: error: ./cmsis_lib/source/stm32f4xx_adc.o uses VFP register arguments, Polytech-IESE-E2i-SPI.elf does not
c:/program files (x86)/atollic/truestudio for stm32 9.2.0/armtools/bin/../lib/gcc/arm-atollic-eabi/6.3.1/../../../../arm-atollic-eabi/bin/ld.exe: failed to merge target specific data of file ./cmsis_lib/source/stm32f4xx_adc.o
c:/program files (x86)/atollic/truestudio for stm32 9.2.0/armtools/bin/../lib/gcc/arm-atollic-eabi/6.3.1/../../../../arm-atollic-eabi/bin/ld.exe: error: ./cmsis_lib/source/stm32f4xx_crc.o uses VFP register arguments, Polytech-IESE-E2i-SPI.elf does not
c:/program files (x86)/atollic/truestudio for stm32 9.2.0/armtools/bin/../lib/gcc/arm-atollic-eabi/6.3.1/../../../../arm-atollic-eabi/bin/ld.exe: failed to merge target specific data of file ./cmsis_lib/source/stm32f4xx_crc.o
c:/program files (x86)/atollic/truestudio for stm32 9.2.0/armtools/bin/../lib/gcc/arm-atollic-eabi/6.3.1/../../../../arm-atollic-eabi/bin/ld.exe: error: ./cmsis_lib/source/stm32f4xx_dma.o uses VFP register arguments, Polytech-IESE-E2i-SPI.elf does not
c:/program files (x86)/atollic/truestudio for stm32 9.2.0/armtools/bin/../lib/gcc/arm-atollic-eabi/6.3.1/../../../../arm-atollic-eabi/bin/ld.exe: failed to merge target specific data of file ./cmsis_lib/source/stm32f4xx_dma.o
c:/program files (x86)/atollic/truestudio for stm32 9.2.0/armtools/bin/../lib/gcc/arm-atollic-eabi/6.3.1/../../../../arm-atollic-eabi/bin/ld.exe: error: ./cmsis_lib/source/stm32f4xx_exti.o uses VFP register arguments, Polytech-IESE-E2i-SPI.elf does not
c:/program files (x86)/atollic/truestudio for stm32 9.2.0/armtools/bin/../lib/gcc/arm-atollic-eabi/6.3.1/../../../../arm-atollic-eabi/bin/ld.exe: failed to merge target specific data of file ./cmsis_lib/source/stm32f4xx_exti.o
c:/program files (x86)/atollic/truestudio for stm32 9.2.0/armtools/bin/../lib/gcc/arm-atollic-eabi/6.3.1/../../../../arm-atollic-eabi/bin/ld.exe: error: ./cmsis_lib/source/stm32f4xx_gpio.o uses VFP register arguments, Polytech-IESE-E2i-SPI.elf does not
c:/program files (x86)/atollic/truestudio for stm32 9.2.0/armtools/bin/../lib/gcc/arm-atollic-eabi/6.3.1/../../../../arm-atollic-eabi/bin/ld.exe: failed to merge target specific data of file ./cmsis_lib/source/stm32f4xx_gpio.o
c:/program files (x86)/atollic/truestudio for stm32 9.2.0/armtools/bin/../lib/gcc/arm-atollic-eabi/6.3.1/../../../../arm-atollic-eabi/bin/ld.exe: error: ./cmsis_lib/source/stm32f4xx_i2c.o uses VFP register arguments, Polytech-IESE-E2i-SPI.elf does not
c:/program files (x86)/atollic/truestudio for stm32 9.2.0/armtools/bin/../lib/gcc/arm-atollic-eabi/6.3.1/../../../../arm-atollic-eabi/bin/ld.exe: failed to merge target specific data of file ./cmsis_lib/source/stm32f4xx_i2c.o
c:/program files (x86)/atollic/truestudio for stm32 9.2.0/armtools/bin/../lib/gcc/arm-atollic-eabi/6.3.1/../../../../arm-atollic-eabi/bin/ld.exe: error: ./cmsis_lib/source/stm32f4xx_pwr.o uses VFP register arguments, Polytech-IESE-E2i-SPI.elf does not
c:/program files (x86)/atollic/truestudio for stm32 9.2.0/armtools/bin/../lib/gcc/arm-atollic-eabi/6.3.1/../../../../arm-atollic-eabi/bin/ld.exe: failed to merge target specific data of file ./cmsis_lib/source/stm32f4xx_pwr.o
c:/program files (x86)/atollic/truestudio for stm32 9.2.0/armtools/bin/../lib/gcc/arm-atollic-eabi/6.3.1/../../../../arm-atollic-eabi/bin/ld.exe: error: ./cmsis_lib/source/stm32f4xx_rcc.o uses VFP register arguments, Polytech-IESE-E2i-SPI.elf does not
c:/program files (x86)/atollic/truestudio for stm32 9.2.0/armtools/bin/../lib/gcc/arm-atollic-eabi/6.3.1/../../../../arm-atollic-eabi/bin/ld.exe: failed to merge target specific data of file ./cmsis_lib/source/stm32f4xx_rcc.o
c:/program files (x86)/atollic/truestudio for stm32 9.2.0/armtools/bin/../lib/gcc/arm-atollic-eabi/6.3.1/../../../../arm-atollic-eabi/bin/ld.exe: error: ./cmsis_lib/source/stm32f4xx_spi.o uses VFP register arguments, Polytech-IESE-E2i-SPI.elf does not
c:/program files (x86)/atollic/truestudio for stm32 9.2.0/armtools/bin/../lib/gcc/arm-atollic-eabi/6.3.1/../../../../arm-atollic-eabi/bin/ld.exe: failed to merge target specific data of file ./cmsis_lib/source/stm32f4xx_spi.o
c:/program files (x86)/atollic/truestudio for stm32 9.2.0/armtools/bin/../lib/gcc/arm-atollic-eabi/6.3.1/../../../../arm-atollic-eabi/bin/ld.exe: error: ./cmsis_lib/source/stm32f4xx_syscfg.o uses VFP register arguments, Polytech-IESE-E2i-SPI.elf does not
c:/program files (x86)/atollic/truestudio for stm32 9.2.0/armtools/bin/../lib/gcc/arm-atollic-eabi/6.3.1/../../../../arm-atollic-eabi/bin/ld.exe: failed to merge target specific data of file ./cmsis_lib/source/stm32f4xx_syscfg.o
c:/program files (x86)/atollic/truestudio for stm32 9.2.0/armtools/bin/../lib/gcc/arm-atollic-eabi/6.3.1/../../../../arm-atollic-eabi/bin/ld.exe: error: ./cmsis_lib/source/stm32f4xx_tim.o uses VFP register arguments, Polytech-IESE-E2i-SPI.elf does not
c:/program files (x86)/atollic/truestudio for stm32 9.2.0/armtools/bin/../lib/gcc/arm-atollic-eabi/6.3.1/../../../../arm-atollic-eabi/bin/ld.exe: failed to merge target specific data of file ./cmsis_lib/source/stm32f4xx_tim.o
c:/program files (x86)/atollic/truestudio for stm32 9.2.0/armtools/bin/../lib/gcc/arm-atollic-eabi/6.3.1/../../../../arm-atollic-eabi/bin/ld.exe: error: ./Polytech-library/src/Adc.o uses VFP register arguments, Polytech-IESE-E2i-SPI.elf does not
c:/program files (x86)/atollic/truestudio for stm32 9.2.0/armtools/bin/../lib/gcc/arm-atollic-eabi/6.3.1/../../../../arm-atollic-eabi/bin/ld.exe: failed to merge target specific data of file ./Polytech-library/src/Adc.o
c:/program files (x86)/atollic/truestudio for stm32 9.2.0/armtools/bin/../lib/gcc/arm-atollic-eabi/6.3.1/../../../../arm-atollic-eabi/bin/ld.exe: error: ./Polytech-library/src/Clocks.o uses VFP register arguments, Polytech-IESE-E2i-SPI.elf does not
c:/program files (x86)/atollic/truestudio for stm32 9.2.0/armtools/bin/../lib/gcc/arm-atollic-eabi/6.3.1/../../../../arm-atollic-eabi/bin/ld.exe: failed to merge target specific data of file ./Polytech-library/src/Clocks.o
c:/program files (x86)/atollic/truestudio for stm32 9.2.0/armtools/bin/../lib/gcc/arm-atollic-eabi/6.3.1/../../../../arm-atollic-eabi/bin/ld.exe: error: ./Polytech-library/src/Port_conf.o uses VFP register arguments, Polytech-IESE-E2i-SPI.elf does not
c:/program files (x86)/atollic/truestudio for stm32 9.2.0/armtools/bin/../lib/gcc/arm-atollic-eabi/6.3.1/../../../../arm-atollic-eabi/bin/ld.exe: failed to merge target specific data of file ./Polytech-library/src/Port_conf.o
c:/program files (x86)/atollic/truestudio for stm32 9.2.0/armtools/bin/../lib/gcc/arm-atollic-eabi/6.3.1/../../../../arm-atollic-eabi/bin/ld.exe: error: ./Polytech-library/src/Spi.o uses VFP register arguments, Polytech-IESE-E2i-SPI.elf does not
c:/program files (x86)/atollic/truestudio for stm32 9.2.0/armtools/bin/../lib/gcc/arm-atollic-eabi/6.3.1/../../../../arm-atollic-eabi/bin/ld.exe: failed to merge target specific data of file ./Polytech-library/src/Spi.o
c:/program files (x86)/atollic/truestudio for stm32 9.2.0/armtools/bin/../lib/gcc/arm-atollic-eabi/6.3.1/../../../../arm-atollic-eabi/bin/ld.exe: error: ./Polytech-library/src/Timer.o uses VFP register arguments, Polytech-IESE-E2i-SPI.elf does not
c:/program files (x86)/atollic/truestudio for stm32 9.2.0/armtools/bin/../lib/gcc/arm-atollic-eabi/6.3.1/../../../../arm-atollic-eabi/bin/ld.exe: failed to merge target specific data of file ./Polytech-library/src/Timer.o
c:/program files (x86)/atollic/truestudio for stm32 9.2.0/armtools/bin/../lib/gcc/arm-atollic-eabi/6.3.1/../../../../arm-atollic-eabi/bin/ld.exe: error: ./Polytech-library/src/Uart.o uses VFP register arguments, Polytech-IESE-E2i-SPI.elf does not
c:/program files (x86)/atollic/truestudio for stm32 9.2.0/armtools/bin/../lib/gcc/arm-atollic-eabi/6.3.1/../../../../arm-atollic-eabi/bin/ld.exe: failed to merge target specific data of file ./Polytech-library/src/Uart.o
c:/program files (x86)/atollic/truestudio for stm32 9.2.0/armtools/bin/../lib/gcc/arm-atollic-eabi/6.3.1/../../../../arm-atollic-eabi/bin/ld.exe: error: ./Polytech-library/src/code_eleve.o uses VFP register arguments, Polytech-IESE-E2i-SPI.elf does not
c:/program files (x86)/atollic/truestudio for stm32 9.2.0/armtools/bin/../lib/gcc/arm-atollic-eabi/6.3.1/../../../../arm-atollic-eabi/bin/ld.exe: failed to merge target specific data of file ./Polytech-library/src/code_eleve.o
collect2.exe: error: ld returned 1 exit status
make: *** [makefile:50: Polytech-IESE-E2i-SPI.elf] Error 1
